Analysis & Synthesis report for SISTEMA_FINAL
Sun Jul 01 14:36:48 2018
Quartus II 64-Bit Version 13.0.1 Build 232 06/12/2013 Service Pack 1 SJ Full Version


---------------------
; Table of Contents ;
---------------------
  1. Legal Notice
  2. Analysis & Synthesis Summary
  3. Analysis & Synthesis Settings
  4. Parallel Compilation
  5. Analysis & Synthesis Source Files Read
  6. Analysis & Synthesis Resource Usage Summary
  7. Analysis & Synthesis Resource Utilization by Entity
  8. Analysis & Synthesis RAM Summary
  9. State Machine - |SISTEMA_FINAL|Controle:controle|state
 10. Registers Removed During Synthesis
 11. General Register Statistics
 12. Registers Packed Into Inferred Megafunctions
 13. Multiplexer Restructuring Statistics (Restructuring Performed)
 14. Source assignments for ROM:rom|altsyncram:temp_rtl_0|altsyncram_2q61:auto_generated
 15. Parameter Settings for Inferred Entity Instance: ROM:rom|altsyncram:temp_rtl_0
 16. Parameter Settings for Inferred Entity Instance: ALU:alu|ALU_4bits:alu1|lpm_add_sub:Add0
 17. altsyncram Parameter Settings by Entity Instance
 18. Port Connectivity Checks: "ALU:alu|ALU_4bits:alu4"
 19. Port Connectivity Checks: "Controle:controle"
 20. Elapsed Time Per Partition
 21. Analysis & Synthesis Messages



----------------
; Legal Notice ;
----------------
Copyright (C) 1991-2013 Altera Corporation
Your use of Altera Corporation's design tools, logic functions 
and other software and tools, and its AMPP partner logic 
functions, and any output files from any of the foregoing 
(including device programming or simulation files), and any 
associated documentation or information are expressly subject 
to the terms and conditions of the Altera Program License 
Subscription Agreement, Altera MegaCore Function License 
Agreement, or other applicable license agreement, including, 
without limitation, that your use is for the sole purpose of 
programming logic devices manufactured by Altera and sold by 
Altera or its authorized distributors.  Please refer to the 
applicable agreement for further details.



+---------------------------------------------------------------------------------------+
; Analysis & Synthesis Summary                                                          ;
+------------------------------------+--------------------------------------------------+
; Analysis & Synthesis Status        ; Successful - Sun Jul 01 14:36:48 2018            ;
; Quartus II 64-Bit Version          ; 13.0.1 Build 232 06/12/2013 SP 1 SJ Full Version ;
; Revision Name                      ; SISTEMA_FINAL                                    ;
; Top-level Entity Name              ; SISTEMA_FINAL                                    ;
; Family                             ; Cyclone II                                       ;
; Total logic elements               ; 137                                              ;
;     Total combinational functions  ; 116                                              ;
;     Dedicated logic registers      ; 73                                               ;
; Total registers                    ; 73                                               ;
; Total pins                         ; 17                                               ;
; Total virtual pins                 ; 0                                                ;
; Total memory bits                  ; 128                                              ;
; Embedded Multiplier 9-bit elements ; 0                                                ;
; Total PLLs                         ; 0                                                ;
+------------------------------------+--------------------------------------------------+


+----------------------------------------------------------------------------------------------------------------------+
; Analysis & Synthesis Settings                                                                                        ;
+----------------------------------------------------------------------------+--------------------+--------------------+
; Option                                                                     ; Setting            ; Default Value      ;
+----------------------------------------------------------------------------+--------------------+--------------------+
; Device                                                                     ; EP2C20F484C7       ;                    ;
; Top-level entity name                                                      ; SISTEMA_FINAL      ; SISTEMA_FINAL      ;
; Family name                                                                ; Cyclone II         ; Cyclone IV GX      ;
; Use smart compilation                                                      ; Off                ; Off                ;
; Enable parallel Assembler and TimeQuest Timing Analyzer during compilation ; On                 ; On                 ;
; Enable compact report table                                                ; Off                ; Off                ;
; Restructure Multiplexers                                                   ; Auto               ; Auto               ;
; Create Debugging Nodes for IP Cores                                        ; Off                ; Off                ;
; Preserve fewer node names                                                  ; On                 ; On                 ;
; Disable OpenCore Plus hardware evaluation                                  ; Off                ; Off                ;
; Verilog Version                                                            ; Verilog_2001       ; Verilog_2001       ;
; VHDL Version                                                               ; VHDL_1993          ; VHDL_1993          ;
; State Machine Processing                                                   ; Auto               ; Auto               ;
; Safe State Machine                                                         ; Off                ; Off                ;
; Extract Verilog State Machines                                             ; On                 ; On                 ;
; Extract VHDL State Machines                                                ; On                 ; On                 ;
; Ignore Verilog initial constructs                                          ; Off                ; Off                ;
; Iteration limit for constant Verilog loops                                 ; 5000               ; 5000               ;
; Iteration limit for non-constant Verilog loops                             ; 250                ; 250                ;
; Add Pass-Through Logic to Inferred RAMs                                    ; On                 ; On                 ;
; Infer RAMs from Raw Logic                                                  ; On                 ; On                 ;
; Parallel Synthesis                                                         ; On                 ; On                 ;
; DSP Block Balancing                                                        ; Auto               ; Auto               ;
; NOT Gate Push-Back                                                         ; On                 ; On                 ;
; Power-Up Don't Care                                                        ; On                 ; On                 ;
; Remove Redundant Logic Cells                                               ; Off                ; Off                ;
; Remove Duplicate Registers                                                 ; On                 ; On                 ;
; Ignore CARRY Buffers                                                       ; Off                ; Off                ;
; Ignore CASCADE Buffers                                                     ; Off                ; Off                ;
; Ignore GLOBAL Buffers                                                      ; Off                ; Off                ;
; Ignore ROW GLOBAL Buffers                                                  ; Off                ; Off                ;
; Ignore LCELL Buffers                                                       ; Off                ; Off                ;
; Ignore SOFT Buffers                                                        ; On                 ; On                 ;
; Limit AHDL Integers to 32 Bits                                             ; Off                ; Off                ;
; Optimization Technique                                                     ; Balanced           ; Balanced           ;
; Carry Chain Length                                                         ; 70                 ; 70                 ;
; Auto Carry Chains                                                          ; On                 ; On                 ;
; Auto Open-Drain Pins                                                       ; On                 ; On                 ;
; Perform WYSIWYG Primitive Resynthesis                                      ; Off                ; Off                ;
; Auto ROM Replacement                                                       ; On                 ; On                 ;
; Auto RAM Replacement                                                       ; On                 ; On                 ;
; Auto Shift Register Replacement                                            ; Auto               ; Auto               ;
; Allow Shift Register Merging across Hierarchies                            ; Auto               ; Auto               ;
; Auto Clock Enable Replacement                                              ; On                 ; On                 ;
; Strict RAM Replacement                                                     ; Off                ; Off                ;
; Allow Synchronous Control Signals                                          ; On                 ; On                 ;
; Force Use of Synchronous Clear Signals                                     ; Off                ; Off                ;
; Auto RAM to Logic Cell Conversion                                          ; Off                ; Off                ;
; Auto Resource Sharing                                                      ; Off                ; Off                ;
; Allow Any RAM Size For Recognition                                         ; Off                ; Off                ;
; Allow Any ROM Size For Recognition                                         ; Off                ; Off                ;
; Allow Any Shift Register Size For Recognition                              ; Off                ; Off                ;
; Use LogicLock Constraints during Resource Balancing                        ; On                 ; On                 ;
; Ignore translate_off and synthesis_off directives                          ; Off                ; Off                ;
; Timing-Driven Synthesis                                                    ; Off                ; Off                ;
; Report Parameter Settings                                                  ; On                 ; On                 ;
; Report Source Assignments                                                  ; On                 ; On                 ;
; Report Connectivity Checks                                                 ; On                 ; On                 ;
; Ignore Maximum Fan-Out Assignments                                         ; Off                ; Off                ;
; Synchronization Register Chain Length                                      ; 2                  ; 2                  ;
; PowerPlay Power Optimization                                               ; Normal compilation ; Normal compilation ;
; HDL message level                                                          ; Level2             ; Level2             ;
; Suppress Register Optimization Related Messages                            ; Off                ; Off                ;
; Number of Removed Registers Reported in Synthesis Report                   ; 5000               ; 5000               ;
; Number of Swept Nodes Reported in Synthesis Report                         ; 5000               ; 5000               ;
; Number of Inverted Registers Reported in Synthesis Report                  ; 100                ; 100                ;
; Clock MUX Protection                                                       ; On                 ; On                 ;
; Auto Gated Clock Conversion                                                ; Off                ; Off                ;
; Block Design Naming                                                        ; Auto               ; Auto               ;
; SDC constraint protection                                                  ; Off                ; Off                ;
; Synthesis Effort                                                           ; Auto               ; Auto               ;
; Shift Register Replacement - Allow Asynchronous Clear Signal               ; On                 ; On                 ;
; Pre-Mapping Resynthesis Optimization                                       ; Off                ; Off                ;
; Analysis & Synthesis Message Level                                         ; Medium             ; Medium             ;
; Disable Register Merging Across Hierarchies                                ; Auto               ; Auto               ;
; Resource Aware Inference For Block RAM                                     ; On                 ; On                 ;
; Synthesis Seed                                                             ; 1                  ; 1                  ;
+----------------------------------------------------------------------------+--------------------+--------------------+


+------------------------------------------+
; Parallel Compilation                     ;
+----------------------------+-------------+
; Processors                 ; Number      ;
+----------------------------+-------------+
; Number detected on machine ; 4           ;
; Maximum allowed            ; 2           ;
;                            ;             ;
; Average used               ; 1.00        ;
; Maximum used               ; 1           ;
;                            ;             ;
; Usage by Processor         ; % Time Used ;
;     Processor 1            ; 100.0%      ;
;     Processors 2-4         ;   0.0%      ;
+----------------------------+-------------+


+----------------------------------------------------------------------------------------------------------------------------------------------------------------------------------------------------------------------------------------------------------------------------------------------------------------+
; Analysis & Synthesis Source Files Read                                                                                                                                                                                                                                                                         ;
+-----------------------------------------+-----------------+-------------------------------------------------------+----------------------------------------------------------------------------------------------------------------------------------------------------------------------------------+---------+
; File Name with User-Entered Path        ; Used in Netlist ; File Type                                             ; File Name with Absolute Path                                                                                                                                                     ; Library ;
+-----------------------------------------+-----------------+-------------------------------------------------------+----------------------------------------------------------------------------------------------------------------------------------------------------------------------------------+---------+
; ../ROM/ROM.v                            ; yes             ; User Verilog HDL File                                 ; C:/Users/WyKKe/Documentos/Unifei/2018.1/Eletrônica Digital II/Trabalhos/Trabalho 2/Turma2_2017020700_2017001212_2017005113/ROM/ROM.v                                             ;         ;
; ../regC/regC.v                          ; yes             ; User Verilog HDL File                                 ; C:/Users/WyKKe/Documentos/Unifei/2018.1/Eletrônica Digital II/Trabalhos/Trabalho 2/Turma2_2017020700_2017001212_2017005113/regC/regC.v                                           ;         ;
; ../regA/regA.v                          ; yes             ; User Verilog HDL File                                 ; C:/Users/WyKKe/Documentos/Unifei/2018.1/Eletrônica Digital II/Trabalhos/Trabalho 2/Turma2_2017020700_2017001212_2017005113/regA/regA.v                                           ;         ;
; ../Controle/Controle.v                  ; yes             ; User Verilog HDL File                                 ; C:/Users/WyKKe/Documentos/Unifei/2018.1/Eletrônica Digital II/Trabalhos/Trabalho 2/Turma2_2017020700_2017001212_2017005113/Controle/Controle.v                                   ;         ;
; ../AntiLoop/AntiLoop.v                  ; yes             ; User Verilog HDL File                                 ; C:/Users/WyKKe/Documentos/Unifei/2018.1/Eletrônica Digital II/Trabalhos/Trabalho 2/Turma2_2017020700_2017001212_2017005113/AntiLoop/AntiLoop.v                                   ;         ;
; ../ALU/ALU.v                            ; yes             ; User Verilog HDL File                                 ; C:/Users/WyKKe/Documentos/Unifei/2018.1/Eletrônica Digital II/Trabalhos/Trabalho 2/Turma2_2017020700_2017001212_2017005113/ALU/ALU.v                                             ;         ;
; SISTEMA_FINAL.v                         ; yes             ; User Verilog HDL File                                 ; C:/Users/WyKKe/Documentos/Unifei/2018.1/Eletrônica Digital II/Trabalhos/Trabalho 2/Turma2_2017020700_2017001212_2017005113/SISTEMA_FINAL/SISTEMA_FINAL.v                         ;         ;
; altsyncram.tdf                          ; yes             ; Megafunction                                          ; c:/altera/13.0sp1/quartus/libraries/megafunctions/altsyncram.tdf                                                                                                                 ;         ;
; stratix_ram_block.inc                   ; yes             ; Megafunction                                          ; c:/altera/13.0sp1/quartus/libraries/megafunctions/stratix_ram_block.inc                                                                                                          ;         ;
; lpm_mux.inc                             ; yes             ; Megafunction                                          ; c:/altera/13.0sp1/quartus/libraries/megafunctions/lpm_mux.inc                                                                                                                    ;         ;
; lpm_decode.inc                          ; yes             ; Megafunction                                          ; c:/altera/13.0sp1/quartus/libraries/megafunctions/lpm_decode.inc                                                                                                                 ;         ;
; aglobal130.inc                          ; yes             ; Megafunction                                          ; c:/altera/13.0sp1/quartus/libraries/megafunctions/aglobal130.inc                                                                                                                 ;         ;
; a_rdenreg.inc                           ; yes             ; Megafunction                                          ; c:/altera/13.0sp1/quartus/libraries/megafunctions/a_rdenreg.inc                                                                                                                  ;         ;
; altrom.inc                              ; yes             ; Megafunction                                          ; c:/altera/13.0sp1/quartus/libraries/megafunctions/altrom.inc                                                                                                                     ;         ;
; altram.inc                              ; yes             ; Megafunction                                          ; c:/altera/13.0sp1/quartus/libraries/megafunctions/altram.inc                                                                                                                     ;         ;
; altdpram.inc                            ; yes             ; Megafunction                                          ; c:/altera/13.0sp1/quartus/libraries/megafunctions/altdpram.inc                                                                                                                   ;         ;
; db/altsyncram_2q61.tdf                  ; yes             ; Auto-Generated Megafunction                           ; C:/Users/WyKKe/Documentos/Unifei/2018.1/Eletrônica Digital II/Trabalhos/Trabalho 2/Turma2_2017020700_2017001212_2017005113/SISTEMA_FINAL/db/altsyncram_2q61.tdf                  ;         ;
; db/sistema_final.ram0_rom_16bd8.hdl.mif ; yes             ; Auto-Generated Auto-Found Memory Initialization File  ; C:/Users/WyKKe/Documentos/Unifei/2018.1/Eletrônica Digital II/Trabalhos/Trabalho 2/Turma2_2017020700_2017001212_2017005113/SISTEMA_FINAL/db/sistema_final.ram0_rom_16bd8.hdl.mif ;         ;
; lpm_add_sub.tdf                         ; yes             ; Megafunction                                          ; c:/altera/13.0sp1/quartus/libraries/megafunctions/lpm_add_sub.tdf                                                                                                                ;         ;
; addcore.inc                             ; yes             ; Megafunction                                          ; c:/altera/13.0sp1/quartus/libraries/megafunctions/addcore.inc                                                                                                                    ;         ;
; look_add.inc                            ; yes             ; Megafunction                                          ; c:/altera/13.0sp1/quartus/libraries/megafunctions/look_add.inc                                                                                                                   ;         ;
; bypassff.inc                            ; yes             ; Megafunction                                          ; c:/altera/13.0sp1/quartus/libraries/megafunctions/bypassff.inc                                                                                                                   ;         ;
; altshift.inc                            ; yes             ; Megafunction                                          ; c:/altera/13.0sp1/quartus/libraries/megafunctions/altshift.inc                                                                                                                   ;         ;
; alt_stratix_add_sub.inc                 ; yes             ; Megafunction                                          ; c:/altera/13.0sp1/quartus/libraries/megafunctions/alt_stratix_add_sub.inc                                                                                                        ;         ;
; db/add_sub_npi.tdf                      ; yes             ; Auto-Generated Megafunction                           ; C:/Users/WyKKe/Documentos/Unifei/2018.1/Eletrônica Digital II/Trabalhos/Trabalho 2/Turma2_2017020700_2017001212_2017005113/SISTEMA_FINAL/db/add_sub_npi.tdf                      ;         ;
+-----------------------------------------+-----------------+-------------------------------------------------------+----------------------------------------------------------------------------------------------------------------------------------------------------------------------------------+---------+


+-----------------------------------------------------+
; Analysis & Synthesis Resource Usage Summary         ;
+---------------------------------------------+-------+
; Resource                                    ; Usage ;
+---------------------------------------------+-------+
; Estimated Total logic elements              ; 137   ;
;                                             ;       ;
; Total combinational functions               ; 116   ;
; Logic element usage by number of LUT inputs ;       ;
;     -- 4 input functions                    ; 39    ;
;     -- 3 input functions                    ; 51    ;
;     -- <=2 input functions                  ; 26    ;
;                                             ;       ;
; Logic elements by mode                      ;       ;
;     -- normal mode                          ; 86    ;
;     -- arithmetic mode                      ; 30    ;
;                                             ;       ;
; Total registers                             ; 73    ;
;     -- Dedicated logic registers            ; 73    ;
;     -- I/O registers                        ; 0     ;
;                                             ;       ;
; I/O pins                                    ; 17    ;
; Total memory bits                           ; 128   ;
; Embedded Multiplier 9-bit elements          ; 0     ;
; Maximum fan-out node                        ; clk   ;
; Maximum fan-out                             ; 81    ;
; Total fan-out                               ; 635   ;
; Average fan-out                             ; 2.97  ;
+---------------------------------------------+-------+


+----------------------------------------------------------------------------------------------------------------------------------------------------------------------------------------------------------------------------------------------------------+
; Analysis & Synthesis Resource Utilization by Entity                                                                                                                                                                                                      ;
+-------------------------------------------+-------------------+--------------+-------------+--------------+---------+-----------+------+--------------+-----------------------------------------------------------------------------------+--------------+
; Compilation Hierarchy Node                ; LC Combinationals ; LC Registers ; Memory Bits ; DSP Elements ; DSP 9x9 ; DSP 18x18 ; Pins ; Virtual Pins ; Full Hierarchy Name                                                               ; Library Name ;
+-------------------------------------------+-------------------+--------------+-------------+--------------+---------+-----------+------+--------------+-----------------------------------------------------------------------------------+--------------+
; |SISTEMA_FINAL                            ; 116 (15)          ; 73 (0)       ; 128         ; 0            ; 0       ; 0         ; 17   ; 0            ; |SISTEMA_FINAL                                                                    ; work         ;
;    |ALU:alu|                              ; 39 (0)            ; 0 (0)        ; 0           ; 0            ; 0       ; 0         ; 0    ; 0            ; |SISTEMA_FINAL|ALU:alu                                                            ; work         ;
;       |ALU_4bits:alu1|                    ; 10 (0)            ; 0 (0)        ; 0           ; 0            ; 0       ; 0         ; 0    ; 0            ; |SISTEMA_FINAL|ALU:alu|ALU_4bits:alu1                                             ; work         ;
;          |lpm_add_sub:Add0|               ; 10 (0)            ; 0 (0)        ; 0           ; 0            ; 0       ; 0         ; 0    ; 0            ; |SISTEMA_FINAL|ALU:alu|ALU_4bits:alu1|lpm_add_sub:Add0                            ; work         ;
;             |add_sub_npi:auto_generated|  ; 10 (10)           ; 0 (0)        ; 0           ; 0            ; 0       ; 0         ; 0    ; 0            ; |SISTEMA_FINAL|ALU:alu|ALU_4bits:alu1|lpm_add_sub:Add0|add_sub_npi:auto_generated ; work         ;
;       |ALU_4bits:alu2|                    ; 13 (13)           ; 0 (0)        ; 0           ; 0            ; 0       ; 0         ; 0    ; 0            ; |SISTEMA_FINAL|ALU:alu|ALU_4bits:alu2                                             ; work         ;
;       |ALU_4bits:alu3|                    ; 11 (11)           ; 0 (0)        ; 0           ; 0            ; 0       ; 0         ; 0    ; 0            ; |SISTEMA_FINAL|ALU:alu|ALU_4bits:alu3                                             ; work         ;
;       |ALU_4bits:alu4|                    ; 5 (5)             ; 0 (0)        ; 0           ; 0            ; 0       ; 0         ; 0    ; 0            ; |SISTEMA_FINAL|ALU:alu|ALU_4bits:alu4                                             ; work         ;
;    |AntiLoop:antiloop|                    ; 20 (20)           ; 16 (16)      ; 0           ; 0            ; 0       ; 0         ; 0    ; 0            ; |SISTEMA_FINAL|AntiLoop:antiloop                                                  ; work         ;
;    |Controle:controle|                    ; 34 (34)           ; 22 (22)      ; 0           ; 0            ; 0       ; 0         ; 0    ; 0            ; |SISTEMA_FINAL|Controle:controle                                                  ; work         ;
;    |ROM:rom|                              ; 0 (0)             ; 0 (0)        ; 128         ; 0            ; 0       ; 0         ; 0    ; 0            ; |SISTEMA_FINAL|ROM:rom                                                            ; work         ;
;       |altsyncram:temp_rtl_0|             ; 0 (0)             ; 0 (0)        ; 128         ; 0            ; 0       ; 0         ; 0    ; 0            ; |SISTEMA_FINAL|ROM:rom|altsyncram:temp_rtl_0                                      ; work         ;
;          |altsyncram_2q61:auto_generated| ; 0 (0)             ; 0 (0)        ; 128         ; 0            ; 0       ; 0         ; 0    ; 0            ; |SISTEMA_FINAL|ROM:rom|altsyncram:temp_rtl_0|altsyncram_2q61:auto_generated       ; work         ;
;    |regA:rega|                            ; 0 (0)             ; 9 (9)        ; 0           ; 0            ; 0       ; 0         ; 0    ; 0            ; |SISTEMA_FINAL|regA:rega                                                          ; work         ;
;    |regA:regb|                            ; 0 (0)             ; 9 (9)        ; 0           ; 0            ; 0       ; 0         ; 0    ; 0            ; |SISTEMA_FINAL|regA:regb                                                          ; work         ;
;    |regC:regc|                            ; 8 (8)             ; 17 (17)      ; 0           ; 0            ; 0       ; 0         ; 0    ; 0            ; |SISTEMA_FINAL|regC:regc                                                          ; work         ;
+-------------------------------------------+-------------------+--------------+-------------+--------------+---------+-----------+------+--------------+-----------------------------------------------------------------------------------+--------------+
Note: For table entries with two numbers listed, the numbers in parentheses indicate the number of resources of the given type used by the specific entity alone. The numbers listed outside of parentheses indicate the total resources of the given type used by the specific entity and all of its sub-entities in the hierarchy.


+----------------------------------------------------------------------------------------------------------------------------------------------------------------------------------------------------+
; Analysis & Synthesis RAM Summary                                                                                                                                                                   ;
+-------------------------------------------------------------------------+------+------+--------------+--------------+--------------+--------------+------+-----------------------------------------+
; Name                                                                    ; Type ; Mode ; Port A Depth ; Port A Width ; Port B Depth ; Port B Width ; Size ; MIF                                     ;
+-------------------------------------------------------------------------+------+------+--------------+--------------+--------------+--------------+------+-----------------------------------------+
; ROM:rom|altsyncram:temp_rtl_0|altsyncram_2q61:auto_generated|ALTSYNCRAM ; AUTO ; ROM  ; 512          ; 8            ; --           ; --           ; 4096 ; db/SISTEMA_FINAL.ram0_ROM_16bd8.hdl.mif ;
+-------------------------------------------------------------------------+------+------+--------------+--------------+--------------+--------------+------+-----------------------------------------+


Encoding Type:  One-Hot
+-----------------------------------------------------------------+
; State Machine - |SISTEMA_FINAL|Controle:controle|state          ;
+----------+----------+----------+----------+----------+----------+
; Name     ; state.s4 ; state.s3 ; state.s2 ; state.s1 ; state.s5 ;
+----------+----------+----------+----------+----------+----------+
; state.s1 ; 0        ; 0        ; 0        ; 0        ; 0        ;
; state.s2 ; 0        ; 0        ; 1        ; 1        ; 0        ;
; state.s3 ; 0        ; 1        ; 0        ; 1        ; 0        ;
; state.s4 ; 1        ; 0        ; 0        ; 1        ; 0        ;
; state.s5 ; 0        ; 0        ; 0        ; 1        ; 1        ;
+----------+----------+----------+----------+----------+----------+


+------------------------------------------------------------------------------------+
; Registers Removed During Synthesis                                                 ;
+----------------------------------------+-------------------------------------------+
; Register name                          ; Reason for Removal                        ;
+----------------------------------------+-------------------------------------------+
; regA:regb|saidaA[8..15]                ; Stuck at GND due to stuck port data_in    ;
; regA:rega|saidaA[8..15]                ; Stuck at GND due to stuck port data_in    ;
; Controle:controle|Endereco[0]          ; Merged with Controle:controle|EnA         ;
; Controle:controle|Endereco[5..8]       ; Merged with Controle:controle|Endereco[4] ;
; Controle:controle|Endereco[4]          ; Stuck at GND due to stuck port data_in    ;
; Controle:controle|state~3              ; Lost fanout                               ;
; Controle:controle|state~4              ; Lost fanout                               ;
; Total Number of Removed Registers = 24 ;                                           ;
+----------------------------------------+-------------------------------------------+


+------------------------------------------------------+
; General Register Statistics                          ;
+----------------------------------------------+-------+
; Statistic                                    ; Value ;
+----------------------------------------------+-------+
; Total registers                              ; 73    ;
; Number of registers using Synchronous Clear  ; 0     ;
; Number of registers using Synchronous Load   ; 16    ;
; Number of registers using Asynchronous Clear ; 0     ;
; Number of registers using Asynchronous Load  ; 0     ;
; Number of registers using Clock Enable       ; 50    ;
; Number of registers using Preset             ; 0     ;
+----------------------------------------------+-------+


+-------------------------------------------------+
; Registers Packed Into Inferred Megafunctions    ;
+---------------------+--------------------+------+
; Register Name       ; Megafunction       ; Type ;
+---------------------+--------------------+------+
; ROM:rom|Dados[0..7] ; ROM:rom|temp_rtl_0 ; RAM  ;
+---------------------+--------------------+------+


+------------------------------------------------------------------------------------------------------------------------------------------------------------+
; Multiplexer Restructuring Statistics (Restructuring Performed)                                                                                             ;
+--------------------+-----------+---------------+----------------------+------------------------+------------+----------------------------------------------+
; Multiplexer Inputs ; Bus Width ; Baseline Area ; Area if Restructured ; Saving if Restructured ; Registered ; Example Multiplexer Output                   ;
+--------------------+-----------+---------------+----------------------+------------------------+------------+----------------------------------------------+
; 3:1                ; 8 bits    ; 16 LEs        ; 8 LEs                ; 8 LEs                  ; Yes        ; |SISTEMA_FINAL|Controle:controle|contador[0] ;
; 4:1                ; 3 bits    ; 6 LEs         ; 0 LEs                ; 6 LEs                  ; Yes        ; |SISTEMA_FINAL|Controle:controle|Endereco[1] ;
; 4:1                ; 5 bits    ; 10 LEs        ; 10 LEs               ; 0 LEs                  ; No         ; |SISTEMA_FINAL|Controle:controle|state       ;
; 4:1                ; 4 bits    ; 8 LEs         ; 8 LEs                ; 0 LEs                  ; No         ; |SISTEMA_FINAL|ALU:alu|ALU_4bits:alu4|Add1   ;
+--------------------+-----------+---------------+----------------------+------------------------+------------+----------------------------------------------+


+-------------------------------------------------------------------------------------+
; Source assignments for ROM:rom|altsyncram:temp_rtl_0|altsyncram_2q61:auto_generated ;
+---------------------------------+--------------------+------+-----------------------+
; Assignment                      ; Value              ; From ; To                    ;
+---------------------------------+--------------------+------+-----------------------+
; OPTIMIZE_POWER_DURING_SYNTHESIS ; NORMAL_COMPILATION ; -    ; -                     ;
+---------------------------------+--------------------+------+-----------------------+


+-----------------------------------------------------------------------------------------------+
; Parameter Settings for Inferred Entity Instance: ROM:rom|altsyncram:temp_rtl_0                ;
+------------------------------------+-----------------------------------------+----------------+
; Parameter Name                     ; Value                                   ; Type           ;
+------------------------------------+-----------------------------------------+----------------+
; BYTE_SIZE_BLOCK                    ; 8                                       ; Untyped        ;
; AUTO_CARRY_CHAINS                  ; ON                                      ; AUTO_CARRY     ;
; IGNORE_CARRY_BUFFERS               ; OFF                                     ; IGNORE_CARRY   ;
; AUTO_CASCADE_CHAINS                ; ON                                      ; AUTO_CASCADE   ;
; IGNORE_CASCADE_BUFFERS             ; OFF                                     ; IGNORE_CASCADE ;
; WIDTH_BYTEENA                      ; 1                                       ; Untyped        ;
; OPERATION_MODE                     ; ROM                                     ; Untyped        ;
; WIDTH_A                            ; 8                                       ; Untyped        ;
; WIDTHAD_A                          ; 9                                       ; Untyped        ;
; NUMWORDS_A                         ; 512                                     ; Untyped        ;
; OUTDATA_REG_A                      ; UNREGISTERED                            ; Untyped        ;
; ADDRESS_ACLR_A                     ; NONE                                    ; Untyped        ;
; OUTDATA_ACLR_A                     ; NONE                                    ; Untyped        ;
; WRCONTROL_ACLR_A                   ; NONE                                    ; Untyped        ;
; INDATA_ACLR_A                      ; NONE                                    ; Untyped        ;
; BYTEENA_ACLR_A                     ; NONE                                    ; Untyped        ;
; WIDTH_B                            ; 1                                       ; Untyped        ;
; WIDTHAD_B                          ; 1                                       ; Untyped        ;
; NUMWORDS_B                         ; 1                                       ; Untyped        ;
; INDATA_REG_B                       ; CLOCK1                                  ; Untyped        ;
; WRCONTROL_WRADDRESS_REG_B          ; CLOCK1                                  ; Untyped        ;
; RDCONTROL_REG_B                    ; CLOCK1                                  ; Untyped        ;
; ADDRESS_REG_B                      ; CLOCK1                                  ; Untyped        ;
; OUTDATA_REG_B                      ; UNREGISTERED                            ; Untyped        ;
; BYTEENA_REG_B                      ; CLOCK1                                  ; Untyped        ;
; INDATA_ACLR_B                      ; NONE                                    ; Untyped        ;
; WRCONTROL_ACLR_B                   ; NONE                                    ; Untyped        ;
; ADDRESS_ACLR_B                     ; NONE                                    ; Untyped        ;
; OUTDATA_ACLR_B                     ; NONE                                    ; Untyped        ;
; RDCONTROL_ACLR_B                   ; NONE                                    ; Untyped        ;
; BYTEENA_ACLR_B                     ; NONE                                    ; Untyped        ;
; WIDTH_BYTEENA_A                    ; 1                                       ; Untyped        ;
; WIDTH_BYTEENA_B                    ; 1                                       ; Untyped        ;
; RAM_BLOCK_TYPE                     ; AUTO                                    ; Untyped        ;
; BYTE_SIZE                          ; 8                                       ; Untyped        ;
; READ_DURING_WRITE_MODE_MIXED_PORTS ; DONT_CARE                               ; Untyped        ;
; READ_DURING_WRITE_MODE_PORT_A      ; NEW_DATA_NO_NBE_READ                    ; Untyped        ;
; READ_DURING_WRITE_MODE_PORT_B      ; NEW_DATA_NO_NBE_READ                    ; Untyped        ;
; INIT_FILE                          ; db/SISTEMA_FINAL.ram0_ROM_16bd8.hdl.mif ; Untyped        ;
; INIT_FILE_LAYOUT                   ; PORT_A                                  ; Untyped        ;
; MAXIMUM_DEPTH                      ; 0                                       ; Untyped        ;
; CLOCK_ENABLE_INPUT_A               ; NORMAL                                  ; Untyped        ;
; CLOCK_ENABLE_INPUT_B               ; NORMAL                                  ; Untyped        ;
; CLOCK_ENABLE_OUTPUT_A              ; NORMAL                                  ; Untyped        ;
; CLOCK_ENABLE_OUTPUT_B              ; NORMAL                                  ; Untyped        ;
; CLOCK_ENABLE_CORE_A                ; USE_INPUT_CLKEN                         ; Untyped        ;
; CLOCK_ENABLE_CORE_B                ; USE_INPUT_CLKEN                         ; Untyped        ;
; ENABLE_ECC                         ; FALSE                                   ; Untyped        ;
; ECC_PIPELINE_STAGE_ENABLED         ; FALSE                                   ; Untyped        ;
; WIDTH_ECCSTATUS                    ; 3                                       ; Untyped        ;
; DEVICE_FAMILY                      ; Cyclone II                              ; Untyped        ;
; CBXI_PARAMETER                     ; altsyncram_2q61                         ; Untyped        ;
+------------------------------------+-----------------------------------------+----------------+
Note: In order to hide this table in the UI and the text report file, please set the "Show Parameter Settings in Synthesis Report" option in "Analysis and Synthesis Settings -> More Settings" to "Off".


+------------------------------------------------------------------------------------------+
; Parameter Settings for Inferred Entity Instance: ALU:alu|ALU_4bits:alu1|lpm_add_sub:Add0 ;
+------------------------+-------------+---------------------------------------------------+
; Parameter Name         ; Value       ; Type                                              ;
+------------------------+-------------+---------------------------------------------------+
; LPM_WIDTH              ; 5           ; Untyped                                           ;
; LPM_REPRESENTATION     ; UNSIGNED    ; Untyped                                           ;
; LPM_DIRECTION          ; DEFAULT     ; Untyped                                           ;
; ONE_INPUT_IS_CONSTANT  ; NO          ; Untyped                                           ;
; LPM_PIPELINE           ; 0           ; Untyped                                           ;
; MAXIMIZE_SPEED         ; 5           ; Untyped                                           ;
; REGISTERED_AT_END      ; 0           ; Untyped                                           ;
; OPTIMIZE_FOR_SPEED     ; 5           ; Untyped                                           ;
; USE_CS_BUFFERS         ; 1           ; Untyped                                           ;
; CARRY_CHAIN            ; MANUAL      ; Untyped                                           ;
; CARRY_CHAIN_LENGTH     ; 48          ; CARRY_CHAIN_LENGTH                                ;
; DEVICE_FAMILY          ; Cyclone II  ; Untyped                                           ;
; USE_WYS                ; OFF         ; Untyped                                           ;
; STYLE                  ; FAST        ; Untyped                                           ;
; CBXI_PARAMETER         ; add_sub_npi ; Untyped                                           ;
; AUTO_CARRY_CHAINS      ; ON          ; AUTO_CARRY                                        ;
; IGNORE_CARRY_BUFFERS   ; OFF         ; IGNORE_CARRY                                      ;
; AUTO_CASCADE_CHAINS    ; ON          ; AUTO_CASCADE                                      ;
; IGNORE_CASCADE_BUFFERS ; OFF         ; IGNORE_CASCADE                                    ;
+------------------------+-------------+---------------------------------------------------+
Note: In order to hide this table in the UI and the text report file, please set the "Show Parameter Settings in Synthesis Report" option in "Analysis and Synthesis Settings -> More Settings" to "Off".


+---------------------------------------------------------------------------+
; altsyncram Parameter Settings by Entity Instance                          ;
+-------------------------------------------+-------------------------------+
; Name                                      ; Value                         ;
+-------------------------------------------+-------------------------------+
; Number of entity instances                ; 1                             ;
; Entity Instance                           ; ROM:rom|altsyncram:temp_rtl_0 ;
;     -- OPERATION_MODE                     ; ROM                           ;
;     -- WIDTH_A                            ; 8                             ;
;     -- NUMWORDS_A                         ; 512                           ;
;     -- OUTDATA_REG_A                      ; UNREGISTERED                  ;
;     -- WIDTH_B                            ; 1                             ;
;     -- NUMWORDS_B                         ; 1                             ;
;     -- ADDRESS_REG_B                      ; CLOCK1                        ;
;     -- OUTDATA_REG_B                      ; UNREGISTERED                  ;
;     -- RAM_BLOCK_TYPE                     ; AUTO                          ;
;     -- READ_DURING_WRITE_MODE_MIXED_PORTS ; DONT_CARE                     ;
+-------------------------------------------+-------------------------------+


+----------------------------------------------------------------------------------------------------------------+
; Port Connectivity Checks: "ALU:alu|ALU_4bits:alu4"                                                             ;
+------+--------+----------+-------------------------------------------------------------------------------------+
; Port ; Type   ; Severity ; Details                                                                             ;
+------+--------+----------+-------------------------------------------------------------------------------------+
; Cout ; Output ; Info     ; Connected to dangling logic. Logic that only feeds a dangling port will be removed. ;
+------+--------+----------+-------------------------------------------------------------------------------------+


+-------------------------------------------------------------------------------------------------------------------------------------------------------------------------------------------------------------+
; Port Connectivity Checks: "Controle:controle"                                                                                                                                                               ;
+------+-------+----------+-----------------------------------------------------------------------------------------------------------------------------------------------------------------------------------+
; Port ; Type  ; Severity ; Details                                                                                                                                                                           ;
+------+-------+----------+-----------------------------------------------------------------------------------------------------------------------------------------------------------------------------------+
; B    ; Input ; Warning  ; Input port expression (16 bits) is wider than the input port (8 bits) it drives.  The 8 most-significant bit(s) in the expression will be dangling if they have no other fanouts. ;
+------+-------+----------+-----------------------------------------------------------------------------------------------------------------------------------------------------------------------------------+


+-------------------------------+
; Elapsed Time Per Partition    ;
+----------------+--------------+
; Partition Name ; Elapsed Time ;
+----------------+--------------+
; Top            ; 00:00:00     ;
+----------------+--------------+


+-------------------------------+
; Analysis & Synthesis Messages ;
+-------------------------------+
Info: *******************************************************************
Info: Running Quartus II 64-Bit Analysis & Synthesis
    Info: Version 13.0.1 Build 232 06/12/2013 Service Pack 1 SJ Full Version
    Info: Processing started: Sun Jul 01 14:36:46 2018
Info: Command: quartus_map --read_settings_files=on --write_settings_files=off SISTEMA_FINAL -c SISTEMA_FINAL
Info (11104): Parallel Compilation has detected 4 hyper-threaded processors. However, the extra hyper-threaded processors will not be used by default. Parallel Compilation will use 2 of the 2 physical processors detected instead.
Info (12021): Found 1 design units, including 1 entities, in source file /users/wykke/documentos/unifei/2018.1/eletrônica digital ii/trabalhos/trabalho 2/turma2_2017020700_2017001212_2017005113/rom/rom.v
    Info (12023): Found entity 1: ROM
Info (12021): Found 1 design units, including 1 entities, in source file /users/wykke/documentos/unifei/2018.1/eletrônica digital ii/trabalhos/trabalho 2/turma2_2017020700_2017001212_2017005113/regc/regc.v
    Info (12023): Found entity 1: regC
Info (12021): Found 1 design units, including 1 entities, in source file /users/wykke/documentos/unifei/2018.1/eletrônica digital ii/trabalhos/trabalho 2/turma2_2017020700_2017001212_2017005113/rega/rega.v
    Info (12023): Found entity 1: regA
Info (12021): Found 1 design units, including 1 entities, in source file /users/wykke/documentos/unifei/2018.1/eletrônica digital ii/trabalhos/trabalho 2/turma2_2017020700_2017001212_2017005113/controle/controle.v
    Info (12023): Found entity 1: Controle
Info (12021): Found 1 design units, including 1 entities, in source file /users/wykke/documentos/unifei/2018.1/eletrônica digital ii/trabalhos/trabalho 2/turma2_2017020700_2017001212_2017005113/antiloop/antiloop.v
    Info (12023): Found entity 1: AntiLoop
Info (12021): Found 2 design units, including 2 entities, in source file /users/wykke/documentos/unifei/2018.1/eletrônica digital ii/trabalhos/trabalho 2/turma2_2017020700_2017001212_2017005113/alu/alu.v
    Info (12023): Found entity 1: ALU
    Info (12023): Found entity 2: ALU_4bits
Info (12021): Found 1 design units, including 1 entities, in source file sistema_final.v
    Info (12023): Found entity 1: SISTEMA_FINAL
Info (12127): Elaborating entity "SISTEMA_FINAL" for the top level hierarchy
Warning (10235): Verilog HDL Always Construct warning at SISTEMA_FINAL.v(27): variable "ffal" is read inside the Always Construct but isn't in the Always Construct's Event Control
Warning (10235): Verilog HDL Always Construct warning at SISTEMA_FINAL.v(28): variable "ffal" is read inside the Always Construct but isn't in the Always Construct's Event Control
Warning (10235): Verilog HDL Always Construct warning at SISTEMA_FINAL.v(31): variable "SaidaAlu" is read inside the Always Construct but isn't in the Always Construct's Event Control
Info (12128): Elaborating entity "Controle" for hierarchy "Controle:controle"
Info (10264): Verilog HDL Case Statement information at Controle.v(14): all case item expressions in this case statement are onehot
Info (10264): Verilog HDL Case Statement information at Controle.v(28): all case item expressions in this case statement are onehot
Info (10264): Verilog HDL Case Statement information at Controle.v(76): all case item expressions in this case statement are onehot
Info (12128): Elaborating entity "ALU" for hierarchy "ALU:alu"
Info (12128): Elaborating entity "ALU_4bits" for hierarchy "ALU:alu|ALU_4bits:alu1"
Warning (10235): Verilog HDL Always Construct warning at ALU.v(32): variable "c" is read inside the Always Construct but isn't in the Always Construct's Event Control
Warning (10235): Verilog HDL Always Construct warning at ALU.v(33): variable "c" is read inside the Always Construct but isn't in the Always Construct's Event Control
Info (12128): Elaborating entity "ROM" for hierarchy "ROM:rom"
Warning (10030): Net "temp.data_a" at ROM.v(8) has no driver or initial value, using a default initial value '0'
Warning (10030): Net "temp.waddr_a" at ROM.v(8) has no driver or initial value, using a default initial value '0'
Warning (10030): Net "temp.we_a" at ROM.v(8) has no driver or initial value, using a default initial value '0'
Info (12128): Elaborating entity "regA" for hierarchy "regA:rega"
Info (12128): Elaborating entity "regC" for hierarchy "regC:regc"
Info (12128): Elaborating entity "AntiLoop" for hierarchy "AntiLoop:antiloop"
Info (19000): Inferred 1 megafunctions from design logic
    Info (276029): Inferred altsyncram megafunction from the following design logic: "ROM:rom|temp_rtl_0" 
        Info (286033): Parameter OPERATION_MODE set to ROM
        Info (286033): Parameter WIDTH_A set to 8
        Info (286033): Parameter WIDTHAD_A set to 9
        Info (286033): Parameter NUMWORDS_A set to 512
        Info (286033): Parameter OUTDATA_REG_A set to UNREGISTERED
        Info (286033): Parameter ADDRESS_ACLR_A set to NONE
        Info (286033): Parameter OUTDATA_ACLR_A set to NONE
        Info (286033): Parameter INDATA_ACLR_A set to NONE
        Info (286033): Parameter WRCONTROL_ACLR_A set to NONE
        Info (286033): Parameter INIT_FILE set to db/SISTEMA_FINAL.ram0_ROM_16bd8.hdl.mif
Info (278001): Inferred 1 megafunctions from design logic
    Info (278002): Inferred adder/subtractor megafunction ("lpm_add_sub") from the following logic: "ALU:alu|ALU_4bits:alu1|Add0"
Info (12130): Elaborated megafunction instantiation "ROM:rom|altsyncram:temp_rtl_0"
Info (12133): Instantiated megafunction "ROM:rom|altsyncram:temp_rtl_0" with the following parameter:
    Info (12134): Parameter "OPERATION_MODE" = "ROM"
    Info (12134): Parameter "WIDTH_A" = "8"
    Info (12134): Parameter "WIDTHAD_A" = "9"
    Info (12134): Parameter "NUMWORDS_A" = "512"
    Info (12134): Parameter "OUTDATA_REG_A" = "UNREGISTERED"
    Info (12134): Parameter "ADDRESS_ACLR_A" = "NONE"
    Info (12134): Parameter "OUTDATA_ACLR_A" = "NONE"
    Info (12134): Parameter "INDATA_ACLR_A" = "NONE"
    Info (12134): Parameter "WRCONTROL_ACLR_A" = "NONE"
    Info (12134): Parameter "INIT_FILE" = "db/SISTEMA_FINAL.ram0_ROM_16bd8.hdl.mif"
Info (12021): Found 1 design units, including 1 entities, in source file db/altsyncram_2q61.tdf
    Info (12023): Found entity 1: altsyncram_2q61
Info (12130): Elaborated megafunction instantiation "ALU:alu|ALU_4bits:alu1|lpm_add_sub:Add0"
Info (12133): Instantiated megafunction "ALU:alu|ALU_4bits:alu1|lpm_add_sub:Add0" with the following parameter:
    Info (12134): Parameter "LPM_WIDTH" = "5"
    Info (12134): Parameter "LPM_DIRECTION" = "DEFAULT"
    Info (12134): Parameter "LPM_REPRESENTATION" = "UNSIGNED"
    Info (12134): Parameter "ONE_INPUT_IS_CONSTANT" = "NO"
Info (12021): Found 1 design units, including 1 entities, in source file db/add_sub_npi.tdf
    Info (12023): Found entity 1: add_sub_npi
Warning (12241): 1 hierarchies have connectivity warnings - see the Connectivity Checks report folder
Info (17049): 2 registers lost all their fanouts during netlist optimizations.
Info (17036): Removed 5 MSB VCC or GND address nodes from RAM block "ROM:rom|altsyncram:temp_rtl_0|altsyncram_2q61:auto_generated|ALTSYNCRAM"
Info (16010): Generating hard_block partition "hard_block:auto_generated_inst"
    Info (16011): Adding 0 node(s), including 0 DDIO, 0 PLL, 0 transceiver and 0 LCELL
Info (21057): Implemented 170 device resources after synthesis - the final resource count might be different
    Info (21058): Implemented 1 input pins
    Info (21059): Implemented 16 output pins
    Info (21061): Implemented 145 logic cells
    Info (21064): Implemented 8 RAM segments
Info: Quartus II 64-Bit Analysis & Synthesis was successful. 0 errors, 9 warnings
    Info: Peak virtual memory: 4643 megabytes
    Info: Processing ended: Sun Jul 01 14:36:48 2018
    Info: Elapsed time: 00:00:02
    Info: Total CPU time (on all processors): 00:00:02


